INFO:root:---------search start---------
INFO:root: loading VP-Tree and hashes...
INFO:root: performing search...
INFO:root: search took 0.0008900165557861328 seconds
INFO:root:---------search end---------
INFO:root: 1 total image(s) with d: 17, h: 1.0561121877092137e+19
INFO:root: 1 total image(s) with d: 18, h: 1.4648907057241344e+18
INFO:root: 1 total image(s) with d: 18, h: 5.806520278781947e+18
INFO:root: 1 total image(s) with d: 20, h: 1.0721263339145898e+19
INFO:root: 1 total image(s) with d: 20, h: 1.3135401802849415e+19
INFO:root: 1 total image(s) with d: 20, h: 1.5489763884287699e+19
INFO:root: 1 total image(s) with d: 21, h: 6.432658521204647e+18
INFO:root: 1 total image(s) with d: 21, h: 8.477023854662594e+18
INFO:root: 1 total image(s) with d: 21, h: 9.643829864531671e+18
INFO:root: 1 total image(s) with d: 21, h: 1.1351751060367864e+19
INFO:root: 1 total image(s) with d: 21, h: 1.137287833487195e+19
INFO:root: 1 total image(s) with d: 21, h: 1.3035307002886994e+19
INFO:root: 1 total image(s) with d: 21, h: 1.5139077019755209e+19
INFO:root: 2 total image(s) with d: 22, h: 5.57243503595195e+18
INFO:root: 1 total image(s) with d: 22, h: 5.892495321353828e+18
INFO:root: 1 total image(s) with d: 22, h: 6.148702300243134e+18
INFO:root: 1 total image(s) with d: 22, h: 7.436767644115815e+18
INFO:root: 1 total image(s) with d: 22, h: 7.945953340220324e+18
INFO:root: 1 total image(s) with d: 22, h: 1.4005765811151026e+19
INFO:root: 1 total image(s) with d: 22, h: 1.4767385007615142e+19
INFO:root: 1 total image(s) with d: 22, h: 1.7098000793355803e+19
INFO:root: 1 total image(s) with d: 23, h: 6.082423739733784e+18
INFO:root: 1 total image(s) with d: 23, h: 7.053294888626909e+18
INFO:root: 1 total image(s) with d: 23, h: 7.185183466045665e+18
INFO:root: 1 total image(s) with d: 23, h: 9.85961471771151e+18
INFO:root: 1 total image(s) with d: 23, h: 1.0717076902638877e+19
INFO:root: 1 total image(s) with d: 23, h: 1.0849492961648843e+19
INFO:root: 1 total image(s) with d: 23, h: 1.3389823628350054e+19
INFO:root: 1 total image(s) with d: 23, h: 1.4756645355677592e+19
INFO:root: 1 total image(s) with d: 23, h: 1.4944989294466247e+19
INFO:root: 1 total image(s) with d: 23, h: 1.8083336560537356e+19
INFO:root: 1 total image(s) with d: 24, h: 1.4556616398639808e+18
INFO:root: 1 total image(s) with d: 24, h: 7.261360549385816e+18
INFO:root: 1 total image(s) with d: 24, h: 7.261713940102233e+18
INFO:root: 1 total image(s) with d: 24, h: 8.081394668588002e+18
INFO:root: 1 total image(s) with d: 24, h: 1.0562868757114644e+19
INFO:root: 1 total image(s) with d: 24, h: 1.1119884259328346e+19
INFO:root: 1 total image(s) with d: 24, h: 1.1625080213758194e+19
INFO:root: 1 total image(s) with d: 24, h: 1.2500235721651173e+19
INFO:root: 1 total image(s) with d: 24, h: 1.3069807962286647e+19
INFO:root: 1 total image(s) with d: 24, h: 1.309329589124338e+19
INFO:root: 1 total image(s) with d: 24, h: 1.4738418876367956e+19
INFO:root: 1 total image(s) with d: 24, h: 1.5326966737898236e+19
INFO:root: 1 total image(s) with d: 24, h: 1.5729303103292609e+19
INFO:root: 1 total image(s) with d: 24, h: 1.599122089133236e+19
INFO:root: 1 total image(s) with d: 24, h: 1.6777220210499957e+19
INFO:root: 1 total image(s) with d: 25, h: 2.0768393877025147e+18
INFO:root: 1 total image(s) with d: 25, h: 2.6894111252169585e+18
INFO:root: 1 total image(s) with d: 25, h: 6.094118200687401e+18
INFO:root: 1 total image(s) with d: 25, h: 8.238373628617872e+18
INFO:root: 1 total image(s) with d: 25, h: 8.681009782764293e+18
INFO:root: 1 total image(s) with d: 25, h: 8.926312931660182e+18
INFO:root: 1 total image(s) with d: 25, h: 9.97481493076246e+18
INFO:root: 1 total image(s) with d: 25, h: 1.0186765398240346e+19
INFO:root: 1 total image(s) with d: 25, h: 1.076139613484812e+19
INFO:root: 1 total image(s) with d: 25, h: 1.2514454038544933e+19
INFO:root: 1 total image(s) with d: 25, h: 1.4820965550298704e+19
INFO:root: 1 total image(s) with d: 25, h: 1.5180518015724261e+19
INFO:root: 1 total image(s) with d: 25, h: 1.7723012782838008e+19
INFO:root: 1 total image(s) with d: 25, h: 1.805836813927522e+19
INFO:root: 1 total image(s) with d: 26, h: 1.6464444857223803e+18
INFO:root: 1 total image(s) with d: 26, h: 3.851303448505675e+18
INFO:root: 1 total image(s) with d: 26, h: 5.878399632993201e+18
INFO:root: 1 total image(s) with d: 26, h: 6.096243411432732e+18
INFO:root: 1 total image(s) with d: 26, h: 6.135356542472504e+18
INFO:root: 1 total image(s) with d: 26, h: 6.62364017345671e+18
INFO:root: 1 total image(s) with d: 26, h: 6.946583252319985e+18
INFO:root: 1 total image(s) with d: 26, h: 9.305944112642032e+18
INFO:root: 1 total image(s) with d: 26, h: 1.2210648683668128e+19
INFO:root: 1 total image(s) with d: 26, h: 1.2269118426678772e+19
INFO:root: 1 total image(s) with d: 26, h: 1.2475723955915446e+19
INFO:root: 1 total image(s) with d: 26, h: 1.3376155042687775e+19
INFO:root: 1 total image(s) with d: 26, h: 1.5542703703249545e+19
INFO:root: 1 total image(s) with d: 26, h: 1.6441601385648237e+19
INFO:root: 1 total image(s) with d: 26, h: 1.7170790457814047e+19
INFO:root: 1 total image(s) with d: 26, h: 1.8057503992385085e+19
INFO:root: 1 total image(s) with d: 27, h: 3.615459975332932e+18
INFO:root: 1 total image(s) with d: 27, h: 3.8880668452219484e+18
INFO:root: 1 total image(s) with d: 27, h: 5.495842311032747e+18
INFO:root: 1 total image(s) with d: 27, h: 7.036147488878146e+18
INFO:root: 1 total image(s) with d: 27, h: 7.055003532342289e+18
INFO:root: 1 total image(s) with d: 27, h: 1.0327359409919453e+19
INFO:root: 1 total image(s) with d: 27, h: 1.0600308632277488e+19
INFO:root: 1 total image(s) with d: 27, h: 1.064353413044314e+19
INFO:root: 1 total image(s) with d: 27, h: 1.2258887602181257e+19
INFO:root: 1 total image(s) with d: 27, h: 1.5480513154334198e+19
INFO:root: 1 total image(s) with d: 27, h: 1.748535785668482e+19
INFO:root: 1 total image(s) with d: 28, h: 3.0590489927826616e+18
INFO:root: 1 total image(s) with d: 28, h: 3.1990583207934116e+18
INFO:root: 1 total image(s) with d: 28, h: 4.4042723009943777e+18
INFO:root: 1 total image(s) with d: 28, h: 5.236521188581546e+18
INFO:root: 1 total image(s) with d: 28, h: 7.380174560588686e+18
INFO:root: 1 total image(s) with d: 28, h: 9.057526808138653e+18
INFO:root: 1 total image(s) with d: 28, h: 1.2187642926401276e+19
INFO:root: 1 total image(s) with d: 28, h: 1.2493080006640292e+19
INFO:root: 1 total image(s) with d: 28, h: 1.2869654299747867e+19
INFO:root: 1 total image(s) with d: 28, h: 1.3084537101110872e+19
INFO:root: 1 total image(s) with d: 28, h: 1.3597662527009767e+19
INFO:root: 1 total image(s) with d: 28, h: 1.477795630760608e+19
INFO:root: 1 total image(s) with d: 28, h: 1.7138926021818544e+19
INFO:root: 1 total image(s) with d: 29, h: 5.337688005225569e+17
INFO:root: 1 total image(s) with d: 29, h: 1555477064849393664
INFO:root: 1 total image(s) with d: 29, h: 6.114073172512216e+18
INFO:root: 1 total image(s) with d: 29, h: 8.82938256712631e+18
INFO:root: 2 total image(s) with d: 29, h: 1.212870801030574e+19
INFO:root: 1 total image(s) with d: 29, h: 1.233463001462614e+19
