INFO:root:---------search start---------
INFO:root: loading VP-Tree and hashes...
INFO:root: performing search...
INFO:root: search took 0.0 seconds
INFO:root:---------search end---------
INFO:root: 1 total image(s) with d: 16, h: 1.5189393778440354e+19
INFO:root: 1 total image(s) with d: 17, h: 1.6065415372066697e+19
INFO:root: 1 total image(s) with d: 18, h: 1.0600308632277488e+19
INFO:root: 1 total image(s) with d: 20, h: 7.181809196957421e+18
INFO:root: 1 total image(s) with d: 20, h: 7.547111619797852e+18
INFO:root: 1 total image(s) with d: 20, h: 1.121745135623293e+19
INFO:root: 1 total image(s) with d: 21, h: 9.259612078623179e+18
INFO:root: 1 total image(s) with d: 21, h: 1.6458622722389856e+19
INFO:root: 2 total image(s) with d: 22, h: 6.114072077295556e+18
INFO:root: 2 total image(s) with d: 22, h: 7.748594500843162e+18
INFO:root: 1 total image(s) with d: 22, h: 7.774770647634481e+18
INFO:root: 1 total image(s) with d: 22, h: 8.789256729948764e+18
INFO:root: 1 total image(s) with d: 22, h: 1.0836174095548232e+19
INFO:root: 4 total image(s) with d: 23, h: 3.621370824648499e+16
INFO:root: 4 total image(s) with d: 23, h: 3.6427642288341775e+18
INFO:root: 1 total image(s) with d: 23, h: 4.5178375348508815e+18
INFO:root: 1 total image(s) with d: 23, h: 8.829382017370496e+18
INFO:root: 1 total image(s) with d: 23, h: 1.0866795776295997e+19
INFO:root: 1 total image(s) with d: 24, h: 1.739250550772991e+18
INFO:root: 1 total image(s) with d: 24, h: 6.103125399941093e+18
INFO:root: 1 total image(s) with d: 24, h: 7.32466536845189e+18
INFO:root: 1 total image(s) with d: 24, h: 1.2124778061155756e+19
INFO:root: 1 total image(s) with d: 24, h: 1.4244504797988925e+19
INFO:root: 1 total image(s) with d: 24, h: 1.5759047647461747e+19
INFO:root: 1 total image(s) with d: 24, h: 1.805836813927522e+19
INFO:root: 1 total image(s) with d: 25, h: 0.0
INFO:root: 4 total image(s) with d: 25, h: 137975824384.0
INFO:root: 1 total image(s) with d: 25, h: 1435537694415105.0
INFO:root: 3 total image(s) with d: 25, h: 7.349423124370842e+16
INFO:root: 1 total image(s) with d: 25, h: 1.9582404018844083e+18
INFO:root: 1 total image(s) with d: 25, h: 2.2750721268390523e+18
INFO:root: 1 total image(s) with d: 25, h: 7.617549588448281e+18
INFO:root: 1 total image(s) with d: 25, h: 8.16990971179721e+18
INFO:root: 1 total image(s) with d: 25, h: 9.881799917187615e+18
INFO:root: 1 total image(s) with d: 26, h: 16842754.0
INFO:root: 1 total image(s) with d: 26, h: 28746300332801.0
INFO:root: 2 total image(s) with d: 26, h: 3.617008641900544e+16
INFO:root: 2 total image(s) with d: 26, h: 4.3603558740863247e+18
INFO:root: 1 total image(s) with d: 26, h: 1.008466441121203e+19
INFO:root: 1 total image(s) with d: 26, h: 1.2166985867553364e+19
INFO:root: 1 total image(s) with d: 26, h: 1.327099687923523e+19
INFO:root: 1 total image(s) with d: 26, h: 1.417896200493868e+19
INFO:root: 1 total image(s) with d: 26, h: 1.4218036495210336e+19
INFO:root: 1 total image(s) with d: 26, h: 1.4756150698778735e+19
INFO:root: 1 total image(s) with d: 26, h: 1.5326966737898228e+19
INFO:root: 3 total image(s) with d: 27, h: 199330103296.0
INFO:root: 1 total image(s) with d: 27, h: 1437736717539585.0
INFO:root: 1 total image(s) with d: 27, h: 3.617008642005402e+16
INFO:root: 1 total image(s) with d: 27, h: 7.478456587926512e+16
INFO:root: 1 total image(s) with d: 27, h: 2.8936069566411674e+17
INFO:root: 1 total image(s) with d: 27, h: 3.383428530650663e+18
INFO:root: 1 total image(s) with d: 27, h: 4.358759986208121e+18
INFO:root: 1 total image(s) with d: 27, h: 6.813086709338416e+18
INFO:root: 1 total image(s) with d: 27, h: 7.225331752366328e+18
INFO:root: 1 total image(s) with d: 27, h: 7.357630920888355e+18
INFO:root: 1 total image(s) with d: 27, h: 1.056112187707536e+19
INFO:root: 1 total image(s) with d: 27, h: 1.0795811209982235e+19
INFO:root: 1 total image(s) with d: 28, h: 1.9476454737623122e+18
INFO:root: 1 total image(s) with d: 28, h: 3.272908867881031e+18
INFO:root: 1 total image(s) with d: 28, h: 4.438773689518e+18
INFO:root: 1 total image(s) with d: 28, h: 5.027620392127383e+18
INFO:root: 1 total image(s) with d: 28, h: 1.4742470002405059e+19
INFO:root: 1 total image(s) with d: 29, h: 2.637475731437913e+18
INFO:root: 1 total image(s) with d: 29, h: 4.2894381707828275e+18
INFO:root: 1 total image(s) with d: 29, h: 5.861178353551329e+18
INFO:root: 1 total image(s) with d: 29, h: 1.1336849537852985e+19
INFO:root: 2 total image(s) with d: 29, h: 1.2475723955915446e+19
INFO:root: 1 total image(s) with d: 29, h: 1.248956385530646e+19
INFO:root: 1 total image(s) with d: 29, h: 1.4128972985825167e+19
